0 info it worked if it ends with ok
1 verbose cli [ 'node', '/usr/local/bin/npm', '-g', 'install', 'yuidocjs' ]
2 info using npm@1.1.65
3 info using node@v0.8.14
4 verbose read json /usr/local/lib/package.json
5 verbose read json /usr/local/lib/package.json
6 verbose cache add [ 'yuidocjs', null ]
7 silly cache add name=undefined spec="yuidocjs" args=["yuidocjs",null]
8 verbose parsed url { pathname: 'yuidocjs', path: 'yuidocjs', href: 'yuidocjs' }
9 silly lockFile 604a54ee-yuidocjs yuidocjs
10 verbose lock yuidocjs /Users/agustingr10/.npm/604a54ee-yuidocjs.lock
11 silly lockFile 604a54ee-yuidocjs yuidocjs
12 verbose addNamed [ 'yuidocjs', '' ]
13 verbose addNamed [ null, '' ]
14 silly lockFile 21cb9463-yuidocjs yuidocjs@
15 verbose lock yuidocjs@ /Users/agustingr10/.npm/21cb9463-yuidocjs.lock
16 silly addNameRange { name: 'yuidocjs', range: '', hasData: false }
17 verbose url raw yuidocjs
18 verbose url resolving [ 'https://registry.npmjs.org/', './yuidocjs' ]
19 verbose url resolved https://registry.npmjs.org/yuidocjs
20 info trying registry request attempt 1 at 14:02:22
21 http GET https://registry.npmjs.org/yuidocjs
22 http 200 https://registry.npmjs.org/yuidocjs
23 silly registry.get cb [ 200,
23 silly registry.get   { vary: 'Accept',
23 silly registry.get     server: 'CouchDB/1.2.0 (Erlang OTP/R15B)',
23 silly registry.get     etag: '"6E8LT11RNDARYUGLSJ56Q18KK"',
23 silly registry.get     date: 'Fri, 26 Oct 2012 16:02:29 GMT',
23 silly registry.get     'content-type': 'application/json',
23 silly registry.get     'content-length': '156184' } ]
24 silly addNameRange number 2 { name: 'yuidocjs', range: '', hasData: true }
25 silly addNameRange versions [ 'yuidocjs',
25 silly addNameRange   [ '0.2.6',
25 silly addNameRange     '0.2.7',
25 silly addNameRange     '0.2.8',
25 silly addNameRange     '0.2.9',
25 silly addNameRange     '0.2.10',
25 silly addNameRange     '0.2.11',
25 silly addNameRange     '0.2.12',
25 silly addNameRange     '0.2.13',
25 silly addNameRange     '0.2.14',
25 silly addNameRange     '0.2.15',
25 silly addNameRange     '0.2.16',
25 silly addNameRange     '0.2.17',
25 silly addNameRange     '0.2.18',
25 silly addNameRange     '0.2.19',
25 silly addNameRange     '0.2.20',
25 silly addNameRange     '0.2.21',
25 silly addNameRange     '0.2.22',
25 silly addNameRange     '0.2.23',
25 silly addNameRange     '0.2.24',
25 silly addNameRange     '0.2.25',
25 silly addNameRange     '0.2.26',
25 silly addNameRange     '0.2.27',
25 silly addNameRange     '0.2.28',
25 silly addNameRange     '0.2.29',
25 silly addNameRange     '0.2.30',
25 silly addNameRange     '0.2.31',
25 silly addNameRange     '0.2.32',
25 silly addNameRange     '0.2.33',
25 silly addNameRange     '0.2.34',
25 silly addNameRange     '0.2.35',
25 silly addNameRange     '0.2.36',
25 silly addNameRange     '0.2.37',
25 silly addNameRange     '0.2.38',
25 silly addNameRange     '0.2.39',
25 silly addNameRange     '0.2.40',
25 silly addNameRange     '0.2.41',
25 silly addNameRange     '0.2.42',
25 silly addNameRange     '0.2.43',
25 silly addNameRange     '0.2.44',
25 silly addNameRange     '0.3.0',
25 silly addNameRange     '0.3.1',
25 silly addNameRange     '0.3.2',
25 silly addNameRange     '0.3.3',
25 silly addNameRange     '0.3.4',
25 silly addNameRange     '0.3.5',
25 silly addNameRange     '0.3.6',
25 silly addNameRange     '0.3.7',
25 silly addNameRange     '0.3.8',
25 silly addNameRange     '0.3.9',
25 silly addNameRange     '0.3.10',
25 silly addNameRange     '0.3.11',
25 silly addNameRange     '0.3.12',
25 silly addNameRange     '0.3.13',
25 silly addNameRange     '0.3.14',
25 silly addNameRange     '0.3.15',
25 silly addNameRange     '0.3.16',
25 silly addNameRange     '0.3.17',
25 silly addNameRange     '0.3.18',
25 silly addNameRange     '0.3.19',
25 silly addNameRange     '0.3.20',
25 silly addNameRange     '0.3.21',
25 silly addNameRange     '0.3.22',
25 silly addNameRange     '0.3.23',
25 silly addNameRange     '0.3.24',
25 silly addNameRange     '0.3.25',
25 silly addNameRange     '0.3.26',
25 silly addNameRange     '0.3.27',
25 silly addNameRange     '0.3.28',
25 silly addNameRange     '0.3.29',
25 silly addNameRange     '0.3.30' ] ]
26 verbose addNamed [ 'yuidocjs', '0.3.30' ]
27 verbose addNamed [ '0.3.30', '0.3.30' ]
28 silly lockFile 8ba52727-yuidocjs-0-3-30 yuidocjs@0.3.30
29 verbose lock yuidocjs@0.3.30 /Users/agustingr10/.npm/8ba52727-yuidocjs-0-3-30.lock
30 silly lockFile 717e4461-org-yuidocjs-yuidocjs-0-3-30-tgz https://registry.npmjs.org/yuidocjs/-/yuidocjs-0.3.30.tgz
31 verbose lock https://registry.npmjs.org/yuidocjs/-/yuidocjs-0.3.30.tgz /Users/agustingr10/.npm/717e4461-org-yuidocjs-yuidocjs-0-3-30-tgz.lock
32 verbose addRemoteTarball [ 'https://registry.npmjs.org/yuidocjs/-/yuidocjs-0.3.30.tgz',
32 verbose addRemoteTarball   '9afc4e880f36106ed673dce761b201f86e9d1c8b' ]
33 info retry fetch attempt 1 at 14:02:26
34 verbose fetch to= /var/folders/7p/60jn3n650z9b3xhqczggfjm00000gn/T/npm-3364/1351267346768-0.23953945841640234/tmp.tgz
35 http GET https://registry.npmjs.org/yuidocjs/-/yuidocjs-0.3.30.tgz
36 http 200 https://registry.npmjs.org/yuidocjs/-/yuidocjs-0.3.30.tgz
37 silly shasum updated bytes 40960
38 silly shasum updated bytes 40960
39 silly shasum updated bytes 40960
40 silly shasum updated bytes 40960
41 silly shasum updated bytes 40960
42 silly shasum updated bytes 40960
43 silly shasum updated bytes 40960
44 silly shasum updated bytes 40960
45 silly shasum updated bytes 40960
46 silly shasum updated bytes 40960
47 silly shasum updated bytes 40960
48 silly shasum updated bytes 40960
49 silly shasum updated bytes 40960
50 silly shasum updated bytes 40960
51 silly shasum updated bytes 40960
52 silly shasum updated bytes 40960
53 silly shasum updated bytes 40960
54 silly shasum updated bytes 40960
55 silly shasum updated bytes 40960
56 silly shasum updated bytes 40960
57 silly shasum updated bytes 17587
58 info shasum 9afc4e880f36106ed673dce761b201f86e9d1c8b
58 info shasum /var/folders/7p/60jn3n650z9b3xhqczggfjm00000gn/T/npm-3364/1351267346768-0.23953945841640234/tmp.tgz
59 verbose tar unpack /var/folders/7p/60jn3n650z9b3xhqczggfjm00000gn/T/npm-3364/1351267346768-0.23953945841640234/tmp.tgz
60 silly lockFile be965bd2-6768-0-23953945841640234-package /var/folders/7p/60jn3n650z9b3xhqczggfjm00000gn/T/npm-3364/1351267346768-0.23953945841640234/package
61 verbose lock /var/folders/7p/60jn3n650z9b3xhqczggfjm00000gn/T/npm-3364/1351267346768-0.23953945841640234/package /Users/agustingr10/.npm/be965bd2-6768-0-23953945841640234-package.lock
62 silly gunzTarPerm modes [ '755', '644' ]
63 silly gunzTarPerm extractEntry package.json
64 silly gunzTarPerm extractEntry .npmignore
65 silly gunzTarPerm extractEntry README.md
66 silly gunzTarPerm extractEntry LICENSE
67 silly gunzTarPerm extractEntry tests/builder.js
68 silly gunzTarPerm extractEntry tests/parser.js
69 silly gunzTarPerm extractEntry tests/parser_coffee.js
70 silly gunzTarPerm extractEntry tests/options.js
71 silly gunzTarPerm extractEntry tests/input/json/stringify.js
72 silly gunzTarPerm extractEntry tests/input/json/parse.js
73 silly gunzTarPerm extractEntry tests/input/inherit/examplemodule.js
74 silly gunzTarPerm extractEntry tests/input/namespace/ns.js
75 silly gunzTarPerm extractEntry tests/input/test/test.js
76 silly gunzTarPerm extractEntry tests/input/test/anim.js
77 silly gunzTarPerm extractEntry tests/input/coffee/test.coffee
78 silly gunzTarPerm extractEntry tests/input/charts/NumericAxis.js
79 silly gunzTarPerm extractEntry tests/input/charts/LeftAxisLayout.js
80 silly gunzTarPerm extractEntry tests/input/charts/ChartBase.js
81 silly gunzTarPerm extractEntry tests/input/charts/CurveUtil.js
82 silly gunzTarPerm extractEntry tests/input/charts/StackedAreaSeries.js
83 silly gunzTarPerm extractEntry tests/input/charts/LineSeries.js
84 silly gunzTarPerm extractEntry tests/input/charts/Graph.js
85 silly gunzTarPerm extractEntry tests/input/charts/StackedMarkerSeries.js
86 silly gunzTarPerm extractEntry tests/input/charts/DiamondGroup.js
87 silly gunzTarPerm extractEntry tests/input/charts/EllipseGroup.js
88 silly gunzTarPerm extractEntry tests/input/charts/TimeAxis.js
89 silly gunzTarPerm extractEntry tests/input/charts/StackingUtil.js
90 silly gunzTarPerm extractEntry tests/input/charts/MarkerSeries.js
91 silly gunzTarPerm extractEntry tests/input/charts/StackedComboSplineSeries.js
92 silly gunzTarPerm extractEntry tests/input/charts/Axis.js
93 silly gunzTarPerm extractEntry tests/input/charts/StackedColumnSeries.js
94 silly gunzTarPerm extractEntry tests/input/charts/Histogram.js
95 silly gunzTarPerm extractEntry tests/input/charts/CartesianChartLegend.js
96 silly gunzTarPerm extractEntry tests/input/charts/AreaSeries.js
97 silly gunzTarPerm extractEntry tests/input/charts/StackedComboSeries.js
98 silly gunzTarPerm extractEntry tests/input/charts/Gridlines.js
99 silly gunzTarPerm extractEntry tests/input/charts/PieChart.js
100 silly gunzTarPerm extractEntry tests/input/charts/CircleGroup.js
101 silly gunzTarPerm extractEntry tests/input/charts/ShapeGroup.js
102 silly gunzTarPerm extractEntry tests/input/charts/Lines.js
103 silly gunzTarPerm extractEntry tests/input/charts/StackedLineSeries.js
104 silly gunzTarPerm extractEntry tests/input/charts/BarSeries.js
105 silly gunzTarPerm extractEntry tests/input/charts/Renderer.js
106 silly gunzTarPerm extractEntry tests/input/charts/CartesianSeries.js
107 silly gunzTarPerm extractEntry tests/input/charts/TopAxisLayout.js
108 silly gunzTarPerm extractEntry tests/input/charts/CartesianChart.js
109 silly gunzTarPerm extractEntry tests/input/charts/StackedBarSeries.js
110 silly gunzTarPerm extractEntry tests/input/charts/AreaSplineSeries.js
111 silly gunzTarPerm extractEntry tests/input/charts/SplineSeries.js
112 silly gunzTarPerm extractEntry tests/input/charts/StackedAreaSplineSeries.js
113 silly gunzTarPerm extractEntry tests/input/charts/AxisType.js
114 silly gunzTarPerm extractEntry tests/input/charts/StackedAxis.js
115 silly gunzTarPerm extractEntry tests/input/charts/ChartLegend.js
116 silly gunzTarPerm extractEntry tests/input/charts/ColumnSeries.js
117 silly gunzTarPerm extractEntry tests/input/charts/Plots.js
118 silly gunzTarPerm extractEntry tests/input/charts/RightAxisLayout.js
119 silly gunzTarPerm extractEntry tests/input/charts/CategoryAxis.js
120 silly gunzTarPerm extractEntry tests/input/charts/PieSeries.js
121 silly gunzTarPerm extractEntry tests/input/charts/Chart.js
122 silly gunzTarPerm extractEntry tests/input/charts/RectGroup.js
123 silly gunzTarPerm extractEntry tests/input/charts/ComboSeries.js
124 silly gunzTarPerm extractEntry tests/input/charts/StackedSplineSeries.js
125 silly gunzTarPerm extractEntry tests/input/charts/Fills.js
126 silly gunzTarPerm extractEntry tests/input/charts/PieChartLegend.js
127 silly gunzTarPerm extractEntry tests/input/charts/BottomAxisLayout.js
128 silly gunzTarPerm extractEntry tests/input/charts/ComboSplineSeries.js
129 silly gunzTarPerm extractEntry tests/input/test2/namespace.js
130 silly gunzTarPerm extractEntry tests/input/test2/slashes.js
131 silly gunzTarPerm extractEntry tests/input/test2/oop/oop.js
132 silly gunzTarPerm extractEntry tests/input/test2/dump/dump.js
133 silly gunzTarPerm extractEntry tests/out/api.js
134 silly gunzTarPerm extractEntry tests/out/data.json
135 silly gunzTarPerm extractEntry tests/out/files/input_charts_TimeAxis.js.html
136 silly gunzTarPerm extractEntry tests/out/files/input_test2_slashes.js.html
137 silly gunzTarPerm extractEntry tests/out/files/input_charts_LineSeries.js.html
138 silly gunzTarPerm extractEntry tests/out/files/input_charts_StackedColumnSeries.js.html
139 silly gunzTarPerm extractEntry tests/out/files/input_test-linked_namespace.js.html
140 silly gunzTarPerm extractEntry tests/out/files/input_charts_NumericAxis.js.html
141 silly gunzTarPerm extractEntry tests/out/files/input_charts_AreaSplineSeries.js.html
142 silly gunzTarPerm extractEntry tests/out/files/input_charts_StackedBarSeries.js.html
143 silly gunzTarPerm extractEntry tests/out/files/input_test2_dump_dump.js.html
144 silly gunzTarPerm extractEntry tests/out/files/input_charts_StackedAreaSplineSeries.js.html
145 silly gunzTarPerm extractEntry tests/out/files/input_charts_ComboSeries.js.html
146 silly gunzTarPerm extractEntry tests/out/files/input_charts_PieChart.js.html
147 silly gunzTarPerm extractEntry tests/out/files/input_charts_StackingUtil.js.html
148 silly gunzTarPerm extractEntry tests/out/files/input_charts_AreaSeries.js.html
149 silly gunzTarPerm extractEntry tests/out/files/input_charts_CircleGroup.js.html
150 silly gunzTarPerm extractEntry tests/out/files/input_test_anim.js.html
151 silly gunzTarPerm extractEntry tests/out/files/input_test-linked_dump_dump.js.html
152 silly gunzTarPerm extractEntry tests/out/files/input_charts_Lines.js.html
153 silly gunzTarPerm extractEntry tests/out/files/input_charts_StackedSplineSeries.js.html
154 silly gunzTarPerm extractEntry tests/out/files/input_test-linked_slashes.js.html
155 silly gunzTarPerm extractEntry tests/out/files/input_charts_Axis.js.html
156 silly gunzTarPerm extractEntry tests/out/files/input_charts_CartesianChartLegend.js.html
157 silly gunzTarPerm extractEntry tests/out/files/input_charts_Plots.js.html
158 silly gunzTarPerm extractEntry tests/out/files/input_test2_oop_oop.js.html
159 silly gunzTarPerm extractEntry tests/out/files/input_charts_StackedComboSeries.js.html
160 silly gunzTarPerm extractEntry tests/out/files/input_charts_RightAxisLayout.js.html
161 silly gunzTarPerm extractEntry tests/out/files/input_charts_CartesianSeries.js.html
162 silly gunzTarPerm extractEntry tests/out/files/input_charts_StackedAreaSeries.js.html
163 silly gunzTarPerm extractEntry tests/out/files/input_charts_BottomAxisLayout.js.html
164 silly gunzTarPerm extractEntry tests/out/files/input_namespace_ns.js.html
165 silly gunzTarPerm extractEntry tests/out/files/input_charts_RectGroup.js.html
166 silly gunzTarPerm extractEntry tests/out/files/input_test-linked_oop_oop.js.html
167 silly gunzTarPerm extractEntry tests/out/files/input_charts_CartesianChart.js.html
168 silly gunzTarPerm extractEntry tests/out/files/input_charts_BarSeries.js.html
169 silly gunzTarPerm extractEntry tests/out/files/input_charts_MarkerSeries.js.html
170 silly gunzTarPerm extractEntry tests/out/files/input_charts_StackedAxis.js.html
171 silly gunzTarPerm extractEntry tests/out/files/input_test2_namespace.js.html
172 silly gunzTarPerm extractEntry tests/out/files/input_inherit_examplemodule.js.html
173 silly gunzTarPerm extractEntry tests/out/files/input_json_parse.js.html
174 silly gunzTarPerm extractEntry tests/out/files/input_charts_CategoryAxis.js.html
175 silly gunzTarPerm extractEntry tests/out/files/input_charts_ChartLegend.js.html
176 silly gunzTarPerm extractEntry tests/out/files/input_charts_LeftAxisLayout.js.html
177 silly gunzTarPerm extractEntry tests/out/files/input_charts_TopAxisLayout.js.html
178 silly gunzTarPerm extractEntry tests/out/files/input_charts_SplineSeries.js.html
179 silly gunzTarPerm extractEntry tests/out/files/input_charts_PieChartLegend.js.html
180 silly gunzTarPerm extractEntry tests/out/files/input_json_stringify.js.html
181 silly gunzTarPerm extractEntry tests/out/files/input_charts_StackedComboSplineSeries.js.html
182 silly gunzTarPerm extractEntry tests/out/files/input_charts_PieSeries.js.html
183 silly gunzTarPerm extractEntry tests/out/files/input_charts_Chart.js.html
184 silly gunzTarPerm extractEntry tests/out/files/input_charts_StackedLineSeries.js.html
185 silly gunzTarPerm extractEntry tests/out/files/input_charts_Histogram.js.html
186 silly gunzTarPerm extractEntry tests/out/files/input_charts_EllipseGroup.js.html
187 silly gunzTarPerm extractEntry tests/out/files/input_charts_Renderer.js.html
188 silly gunzTarPerm extractEntry tests/out/files/input_charts_ComboSplineSeries.js.html
189 silly gunzTarPerm extractEntry tests/out/files/input_charts_ChartBase.js.html
190 silly gunzTarPerm extractEntry tests/out/files/input_charts_CurveUtil.js.html
191 silly gunzTarPerm extractEntry tests/out/files/input_charts_AxisType.js.html
192 silly gunzTarPerm extractEntry tests/out/files/input_charts_DiamondGroup.js.html
193 silly gunzTarPerm extractEntry tests/out/files/input_charts_ColumnSeries.js.html
194 silly gunzTarPerm extractEntry tests/out/files/input_charts_StackedMarkerSeries.js.html
195 silly gunzTarPerm extractEntry tests/out/files/index.html
196 silly gunzTarPerm extractEntry tests/out/files/input_charts_Fills.js.html
197 silly gunzTarPerm extractEntry tests/out/files/input_charts_ShapeGroup.js.html
198 silly gunzTarPerm extractEntry tests/out/files/input_test_test.js.html
199 silly gunzTarPerm extractEntry tests/out/files/input_charts_Graph.js.html
200 silly gunzTarPerm extractEntry tests/out/files/input_charts_Gridlines.js.html
201 silly gunzTarPerm extractEntry tests/out/assets/vendor/prettify/prettify-min.js
202 silly gunzTarPerm extractEntry tests/out/assets/vendor/prettify/CHANGES.html
203 silly gunzTarPerm extractEntry tests/out/assets/vendor/prettify/prettify-min.css
204 silly gunzTarPerm extractEntry tests/out/assets/vendor/prettify/COPYING
205 silly gunzTarPerm extractEntry tests/out/assets/vendor/prettify/README.html
206 silly gunzTarPerm extractEntry tests/out/assets/css/external-small.png
207 silly gunzTarPerm extractEntry tests/out/assets/css/logo.png
208 silly gunzTarPerm extractEntry tests/out/assets/css/main.css
209 silly gunzTarPerm extractEntry tests/out/assets/img/spinner.gif
210 silly gunzTarPerm extractEntry tests/out/assets/js/api-list.js
211 silly gunzTarPerm extractEntry tests/out/assets/js/api-filter.js
212 silly gunzTarPerm extractEntry tests/out/assets/js/apidocs.js
213 silly gunzTarPerm extractEntry tests/out/assets/js/api-search.js
214 silly gunzTarPerm extractEntry tests/out/assets/js/yui-prettify.js
215 silly gunzTarPerm extractEntry tests/out/assets/index.html
216 silly gunzTarPerm extractEntry tests/out/assets/favicon.png
217 silly gunzTarPerm extractEntry tests/out/classes/Graph.html
218 silly gunzTarPerm extractEntry tests/out/classes/BottomAxisLayout.html
219 silly gunzTarPerm extractEntry tests/out/classes/LineSeries.html
220 silly gunzTarPerm extractEntry tests/out/classes/Main.html
221 silly gunzTarPerm extractEntry tests/out/classes/HorizontalLegendLayout.html
222 silly gunzTarPerm extractEntry tests/out/classes/myclass.html
223 silly gunzTarPerm extractEntry tests/out/classes/StackedMarkerSeries.html
224 silly gunzTarPerm extractEntry tests/out/classes/AreaSeries.html
225 silly gunzTarPerm extractEntry tests/out/classes/Renderer.html
226 silly gunzTarPerm extractEntry tests/out/classes/PieSeries.html
227 silly gunzTarPerm extractEntry tests/out/classes/CurveUtil.html
228 silly gunzTarPerm extractEntry tests/out/classes/Lines.html
229 silly gunzTarPerm extractEntry tests/out/classes/OtherClass2.html
230 silly gunzTarPerm extractEntry tests/out/classes/Histogram.html
231 silly gunzTarPerm extractEntry tests/out/classes/YUI~oop.html
232 silly gunzTarPerm extractEntry tests/out/classes/Chart.html
233 silly gunzTarPerm extractEntry tests/out/classes/StackingUtil.html
234 silly gunzTarPerm extractEntry tests/out/classes/GroupCircle.html
235 silly gunzTarPerm extractEntry tests/out/classes/Fills.html
236 silly gunzTarPerm extractEntry tests/out/classes/AxisType.html
237 silly gunzTarPerm extractEntry tests/out/classes/mywidget.SubWidget.html
238 silly gunzTarPerm extractEntry tests/out/classes/JSON.html
239 silly gunzTarPerm extractEntry tests/out/classes/StackedLineSeries.html
240 silly gunzTarPerm extractEntry tests/out/classes/GroupRect.html
241 silly gunzTarPerm extractEntry tests/out/classes/SplineSeries.html
242 silly gunzTarPerm extractEntry tests/out/classes/Anim.html
243 silly gunzTarPerm extractEntry tests/out/classes/CartesianSeries.html
244 silly gunzTarPerm extractEntry tests/out/classes/StackedColumnSeries.html
245 silly gunzTarPerm extractEntry tests/out/classes/StackedComboSplineSeries.html
246 silly gunzTarPerm extractEntry tests/out/classes/NumericAxis.html
247 silly gunzTarPerm extractEntry tests/out/classes/StackedAxis.html
248 silly gunzTarPerm extractEntry tests/out/classes/Axis.html
249 silly gunzTarPerm extractEntry tests/out/classes/RightAxisLayout.html
250 silly gunzTarPerm extractEntry tests/out/classes/StackedComboSeries.html
251 silly gunzTarPerm extractEntry tests/out/classes/Plots.html
252 silly gunzTarPerm extractEntry tests/out/classes/PieChart.html
253 silly gunzTarPerm extractEntry tests/out/classes/P.storage.LocalStore.html
254 silly gunzTarPerm extractEntry tests/out/classes/ChartLegend.html
255 silly gunzTarPerm extractEntry tests/out/classes/TopAxisLayout.html
256 silly gunzTarPerm extractEntry tests/out/classes/mywidget.SuperWidget.html
257 silly gunzTarPerm extractEntry tests/out/classes/ShapeGroup.html
258 silly gunzTarPerm extractEntry tests/out/classes/TimeAxis.html
259 silly gunzTarPerm extractEntry tests/out/classes/StackedSplineSeries.html
260 silly gunzTarPerm extractEntry tests/out/classes/Easing.html
261 silly gunzTarPerm extractEntry tests/out/classes/ColumnSeries.html
262 silly gunzTarPerm extractEntry tests/out/classes/P.storage.html
263 silly gunzTarPerm extractEntry tests/out/classes/P.storage.Store.html
264 silly gunzTarPerm extractEntry tests/out/classes/StackedAreaSplineSeries.html
265 silly gunzTarPerm extractEntry tests/out/classes/OtherClass.html
266 silly gunzTarPerm extractEntry tests/out/classes/ComboSeries.html
267 silly gunzTarPerm extractEntry tests/out/classes/AreaSplineSeries.html
268 silly gunzTarPerm extractEntry tests/out/classes/StackedAreaSeries.html
269 silly gunzTarPerm extractEntry tests/out/classes/GroupDiamond.html
270 silly gunzTarPerm extractEntry tests/out/classes/Foo.Bar.html
271 silly gunzTarPerm extractEntry tests/out/classes/CategoryAxis.html
272 silly gunzTarPerm extractEntry tests/out/classes/VerticalLegendLayout.html
273 silly gunzTarPerm extractEntry tests/out/classes/EllipseGroup.html
274 silly gunzTarPerm extractEntry tests/out/classes/ComboSplineSeries.html
275 silly gunzTarPerm extractEntry tests/out/classes/CartesianChart.html
276 silly gunzTarPerm extractEntry tests/out/classes/BarSeries.html
277 silly gunzTarPerm extractEntry tests/out/classes/ChartBase.html
278 silly gunzTarPerm extractEntry tests/out/classes/EasingFoo.html
279 silly gunzTarPerm extractEntry tests/out/classes/LeftAxisLayout.html
280 silly gunzTarPerm extractEntry tests/out/classes/index.html
281 silly gunzTarPerm extractEntry tests/out/classes/StackedBarSeries.html
282 silly gunzTarPerm extractEntry tests/out/classes/Gridlines.html
283 silly gunzTarPerm extractEntry tests/out/classes/MarkerSeries.html
284 silly gunzTarPerm extractEntry tests/out/classes/YUI~dump.html
285 silly gunzTarPerm extractEntry tests/out/classes/mywidget.SubWidget2.html
286 silly gunzTarPerm extractEntry tests/out/modules/graphics.html
287 silly gunzTarPerm extractEntry tests/out/modules/mysubmodule.html
288 silly gunzTarPerm extractEntry tests/out/modules/dump.html
289 silly gunzTarPerm extractEntry tests/out/modules/charts.html
290 silly gunzTarPerm extractEntry tests/out/modules/json.html
291 silly gunzTarPerm extractEntry tests/out/modules/json-stringify.html
292 silly gunzTarPerm extractEntry tests/out/modules/foobar.html
293 silly gunzTarPerm extractEntry tests/out/modules/charts-legend.html
294 silly gunzTarPerm extractEntry tests/out/modules/P.storage.html
295 silly gunzTarPerm extractEntry tests/out/modules/ExampleModule.html
296 silly gunzTarPerm extractEntry tests/out/modules/anim.html
297 silly gunzTarPerm extractEntry tests/out/modules/myapp_views_index.html
298 silly gunzTarPerm extractEntry tests/out/modules/mymodule.html
299 silly gunzTarPerm extractEntry tests/out/modules/anim-easing-foo.html
300 silly gunzTarPerm extractEntry tests/out/modules/json-parse.html
301 silly gunzTarPerm extractEntry tests/out/modules/anim-easing.html
302 silly gunzTarPerm extractEntry tests/out/modules/index.html
303 silly gunzTarPerm extractEntry tests/out/modules/oop.html
304 silly gunzTarPerm extractEntry tests/out/index.html
305 silly gunzTarPerm extractEntry tests/lib/davglass.js
306 silly gunzTarPerm extractEntry Makefile
307 silly gunzTarPerm extractEntry lib/project.js
308 silly gunzTarPerm extractEntry lib/docview.js
309 silly gunzTarPerm extractEntry lib/index.js
310 silly gunzTarPerm extractEntry lib/utils.js
311 silly gunzTarPerm extractEntry lib/docparser.js
312 silly gunzTarPerm extractEntry lib/builder.js
313 silly gunzTarPerm extractEntry lib/options.js
314 silly gunzTarPerm extractEntry lib/yuidoc.js
315 silly gunzTarPerm extractEntry lib/cli.js
316 silly gunzTarPerm extractEntry lib/server.js
317 silly gunzTarPerm extractEntry lib/help.js
318 silly gunzTarPerm extractEntry lib/files.js
319 silly gunzTarPerm extractEntry .travis.yml
320 silly gunzTarPerm extractEntry themes/default/assets/vendor/prettify/prettify-min.js
321 silly gunzTarPerm extractEntry themes/default/assets/vendor/prettify/CHANGES.html
322 silly gunzTarPerm extractEntry themes/default/assets/vendor/prettify/prettify-min.css
323 silly gunzTarPerm extractEntry themes/default/assets/vendor/prettify/COPYING
324 silly gunzTarPerm extractEntry themes/default/assets/vendor/prettify/README.html
325 silly gunzTarPerm extractEntry themes/default/assets/css/external-small.png
326 silly gunzTarPerm extractEntry themes/default/assets/css/logo.png
327 silly gunzTarPerm extractEntry themes/default/assets/css/main.css
328 silly gunzTarPerm extractEntry themes/default/assets/img/spinner.gif
329 silly gunzTarPerm extractEntry themes/default/assets/js/api-list.js
330 silly gunzTarPerm extractEntry themes/default/assets/js/api-filter.js
331 silly gunzTarPerm extractEntry themes/default/assets/js/apidocs.js
332 silly gunzTarPerm extractEntry themes/default/assets/js/api-search.js
333 silly gunzTarPerm extractEntry themes/default/assets/js/yui-prettify.js
334 silly gunzTarPerm extractEntry themes/default/assets/index.html
335 silly gunzTarPerm extractEntry themes/default/assets/favicon.png
336 silly gunzTarPerm extractEntry themes/default/layouts/xhr.handlebars
337 silly gunzTarPerm extractEntry themes/default/layouts/main.handlebars
338 silly gunzTarPerm extractEntry themes/default/partials/method.handlebars
339 silly gunzTarPerm extractEntry themes/default/partials/sidebar.handlebars
340 silly gunzTarPerm extractEntry themes/default/partials/options.handlebars
341 silly gunzTarPerm extractEntry themes/default/partials/index.handlebars
342 silly gunzTarPerm extractEntry themes/default/partials/attrs.handlebars
343 silly gunzTarPerm extractEntry themes/default/partials/events.handlebars
344 silly gunzTarPerm extractEntry themes/default/partials/module.handlebars
345 silly gunzTarPerm extractEntry themes/default/partials/props.handlebars
346 silly gunzTarPerm extractEntry themes/default/partials/files.handlebars
347 silly gunzTarPerm extractEntry themes/default/partials/classes.handlebars
348 silly gunzTarPerm extractEntry themes/default/theme.json
349 silly gunzTarPerm extractEntry themes/simple/assets/vendor/prettify/prettify-min.js
350 silly gunzTarPerm extractEntry themes/simple/assets/vendor/prettify/CHANGES.html
351 silly gunzTarPerm extractEntry themes/simple/assets/vendor/prettify/prettify-min.css
352 silly gunzTarPerm extractEntry themes/simple/assets/vendor/prettify/COPYING
353 silly gunzTarPerm extractEntry themes/simple/assets/vendor/prettify/README.html
354 silly gunzTarPerm extractEntry themes/simple/assets/css/external-small.png
355 silly gunzTarPerm extractEntry themes/simple/assets/css/logo.png
356 silly gunzTarPerm extractEntry themes/simple/assets/css/main.css
357 silly gunzTarPerm extractEntry themes/simple/assets/js/tabs.js
358 silly gunzTarPerm extractEntry themes/simple/assets/js/yui-prettify.js
359 silly gunzTarPerm extractEntry themes/simple/layouts/main.handlebars
360 silly gunzTarPerm extractEntry themes/simple/partials/method.handlebars
361 silly gunzTarPerm extractEntry themes/simple/partials/sidebar.handlebars
362 silly gunzTarPerm extractEntry themes/simple/partials/index.handlebars
363 silly gunzTarPerm extractEntry themes/simple/partials/attrs.handlebars
364 silly gunzTarPerm extractEntry themes/simple/partials/events.handlebars
365 silly gunzTarPerm extractEntry themes/simple/partials/module.handlebars
366 silly gunzTarPerm extractEntry themes/simple/partials/props.handlebars
367 silly gunzTarPerm extractEntry themes/simple/partials/files.handlebars
368 silly gunzTarPerm extractEntry themes/simple/partials/classes.handlebars
369 silly gunzTarPerm extractEntry themes/simple/theme.json
370 silly gunzTarPerm extractEntry docs/syntax/component.json
371 silly gunzTarPerm extractEntry docs/syntax/index.mustache
372 silly gunzTarPerm extractEntry docs/args/component.json
373 silly gunzTarPerm extractEntry docs/args/partials/help.mustache
374 silly gunzTarPerm extractEntry docs/args/index.mustache
375 silly gunzTarPerm extractEntry docs/themes/component.json
376 silly gunzTarPerm extractEntry docs/themes/index.mustache
377 silly gunzTarPerm extractEntry scripts/versions.js
378 silly gunzTarPerm extractEntry scripts/prep.sh
379 silly gunzTarPerm extractEntry scripts/test.sh
380 silly gunzTarPerm extractEntry scripts/docs.sh
381 silly gunzTarPerm extractEntry scripts/help.sh
382 silly gunzTarPerm extractEntry DEVELOPMENT.md
383 silly gunzTarPerm extractEntry output/syntax/index.html
384 silly gunzTarPerm extractEntry output/args/index.html
385 silly gunzTarPerm extractEntry output/assets/vendor/prettify/prettify-min.js
386 silly gunzTarPerm extractEntry output/assets/vendor/prettify/prettify.js
387 silly gunzTarPerm extractEntry output/assets/vendor/prettify/prettify.css
388 silly gunzTarPerm extractEntry output/assets/vendor/prettify/CHANGES.html
389 silly gunzTarPerm extractEntry output/assets/vendor/prettify/prettify-min.css
390 silly gunzTarPerm extractEntry output/assets/vendor/prettify/COPYING
391 silly gunzTarPerm extractEntry output/assets/vendor/prettify/README.html
392 silly gunzTarPerm extractEntry output/assets/css/main.css
393 silly gunzTarPerm extractEntry output/assets/favicon.png
394 silly gunzTarPerm extractEntry output/api/api.js
395 silly gunzTarPerm extractEntry output/api/data.json
396 silly gunzTarPerm extractEntry output/api/files/lib_builder.js.html
397 silly gunzTarPerm extractEntry output/api/files/lib_options.js.html
398 silly gunzTarPerm extractEntry output/api/files/lib_cli.js.html
399 silly gunzTarPerm extractEntry output/api/files/lib_docview.js.html
400 silly gunzTarPerm extractEntry output/api/files/lib_files.js.html
401 silly gunzTarPerm extractEntry output/api/files/lib_docparser.js.html
402 silly gunzTarPerm extractEntry output/api/files/lib_index.js.html
403 silly gunzTarPerm extractEntry output/api/files/lib_help.js.html
404 silly gunzTarPerm extractEntry output/api/files/lib_yuidoc.js.html
405 silly gunzTarPerm extractEntry output/api/files/lib_server.js.html
406 silly gunzTarPerm extractEntry output/api/files/lib_utils.js.html
407 silly gunzTarPerm extractEntry output/api/files/index.html
408 silly gunzTarPerm extractEntry output/api/assets/vendor/prettify/prettify-min.js
409 silly gunzTarPerm extractEntry output/api/assets/vendor/prettify/CHANGES.html
410 silly gunzTarPerm extractEntry output/api/assets/vendor/prettify/prettify-min.css
411 silly gunzTarPerm extractEntry output/api/assets/vendor/prettify/COPYING
412 silly gunzTarPerm extractEntry output/api/assets/vendor/prettify/README.html
413 silly gunzTarPerm extractEntry output/api/assets/css/external-small.png
414 silly gunzTarPerm extractEntry output/api/assets/css/logo.png
415 silly gunzTarPerm extractEntry output/api/assets/css/main.css
416 silly gunzTarPerm extractEntry output/api/assets/img/spinner.gif
417 silly gunzTarPerm extractEntry output/api/assets/js/api-list.js
418 silly gunzTarPerm extractEntry output/api/assets/js/api-filter.js
419 silly gunzTarPerm extractEntry output/api/assets/js/apidocs.js
420 silly gunzTarPerm extractEntry output/api/assets/js/api-search.js
421 silly gunzTarPerm extractEntry output/api/assets/js/yui-prettify.js
422 silly gunzTarPerm extractEntry output/api/assets/index.html
423 silly gunzTarPerm extractEntry output/api/assets/favicon.png
424 silly gunzTarPerm extractEntry output/api/classes/DocParser.html
425 silly gunzTarPerm extractEntry output/api/classes/Main.html
426 silly gunzTarPerm extractEntry output/api/classes/CLI.html
427 silly gunzTarPerm extractEntry output/api/classes/Files.html
428 silly gunzTarPerm extractEntry output/api/classes/Help.html
429 silly gunzTarPerm extractEntry output/api/classes/Utils.html
430 silly gunzTarPerm extractEntry output/api/classes/Options.html
431 silly gunzTarPerm extractEntry output/api/classes/Server.html
432 silly gunzTarPerm extractEntry output/api/classes/DocView.html
433 silly gunzTarPerm extractEntry output/api/classes/YUIDoc.html
434 silly gunzTarPerm extractEntry output/api/classes/DocBuilder.html
435 silly gunzTarPerm extractEntry output/api/classes/index.html
436 silly gunzTarPerm extractEntry output/api/modules/yuidoc.html
437 silly gunzTarPerm extractEntry output/api/modules/index.html
438 silly gunzTarPerm extractEntry output/api/index.html
439 silly gunzTarPerm extractEntry output/themes/index.html
440 silly gunzTarPerm extractEntry output/index.html
441 silly gunzTarPerm extractEntry conf/docs/assets/vendor/prettify/prettify-min.js
442 silly gunzTarPerm extractEntry conf/docs/assets/vendor/prettify/prettify.js
443 silly gunzTarPerm extractEntry conf/docs/assets/vendor/prettify/prettify.css
444 silly gunzTarPerm extractEntry conf/docs/assets/vendor/prettify/CHANGES.html
445 silly gunzTarPerm extractEntry conf/docs/assets/vendor/prettify/prettify-min.css
446 silly gunzTarPerm extractEntry conf/docs/assets/vendor/prettify/COPYING
447 silly gunzTarPerm extractEntry conf/docs/assets/vendor/prettify/README.html
448 silly gunzTarPerm extractEntry conf/docs/assets/css/main.css
449 silly gunzTarPerm extractEntry conf/docs/assets/favicon.png
450 silly gunzTarPerm extractEntry conf/docs/layouts/main.mustache
451 silly gunzTarPerm extractEntry conf/docs/project.json
452 silly gunzTarPerm extractEntry conf/docs/index.mustache
453 verbose read json /var/folders/7p/60jn3n650z9b3xhqczggfjm00000gn/T/npm-3364/1351267346768-0.23953945841640234/package/package.json
454 silly lockFile be965bd2-6768-0-23953945841640234-package /var/folders/7p/60jn3n650z9b3xhqczggfjm00000gn/T/npm-3364/1351267346768-0.23953945841640234/package
455 verbose from cache /var/folders/7p/60jn3n650z9b3xhqczggfjm00000gn/T/npm-3364/1351267346768-0.23953945841640234/package/package.json
456 verbose tar pack [ '/Users/agustingr10/.npm/yuidocjs/0.3.30/package.tgz',
456 verbose tar pack   '/var/folders/7p/60jn3n650z9b3xhqczggfjm00000gn/T/npm-3364/1351267346768-0.23953945841640234/package' ]
457 verbose tarball /Users/agustingr10/.npm/yuidocjs/0.3.30/package.tgz
458 verbose folder /var/folders/7p/60jn3n650z9b3xhqczggfjm00000gn/T/npm-3364/1351267346768-0.23953945841640234/package
459 silly lockFile facf2e7d--npm-yuidocjs-0-3-30-package-tgz /Users/agustingr10/.npm/yuidocjs/0.3.30/package.tgz
460 verbose lock /Users/agustingr10/.npm/yuidocjs/0.3.30/package.tgz /Users/agustingr10/.npm/facf2e7d--npm-yuidocjs-0-3-30-package-tgz.lock
461 silly lockFile facf2e7d--npm-yuidocjs-0-3-30-package-tgz /Users/agustingr10/.npm/yuidocjs/0.3.30/package.tgz
462 silly lockFile 0c89c9e6-gr10-npm-yuidocjs-0-3-30-package /Users/agustingr10/.npm/yuidocjs/0.3.30/package
463 verbose lock /Users/agustingr10/.npm/yuidocjs/0.3.30/package /Users/agustingr10/.npm/0c89c9e6-gr10-npm-yuidocjs-0-3-30-package.lock
464 silly lockFile 0c89c9e6-gr10-npm-yuidocjs-0-3-30-package /Users/agustingr10/.npm/yuidocjs/0.3.30/package
465 verbose tar unpack /Users/agustingr10/.npm/yuidocjs/0.3.30/package.tgz
466 silly lockFile 0c89c9e6-gr10-npm-yuidocjs-0-3-30-package /Users/agustingr10/.npm/yuidocjs/0.3.30/package
467 verbose lock /Users/agustingr10/.npm/yuidocjs/0.3.30/package /Users/agustingr10/.npm/0c89c9e6-gr10-npm-yuidocjs-0-3-30-package.lock
468 silly gunzTarPerm modes [ '755', '644' ]
469 silly gunzTarPerm extractEntry package.json
470 silly gunzTarPerm extractEntry .npmignore
471 silly gunzTarPerm extractEntry README.md
472 silly gunzTarPerm extractEntry LICENSE
473 silly gunzTarPerm extractEntry docs/args/component.json
474 silly gunzTarPerm extractEntry docs/args/index.mustache
475 silly gunzTarPerm extractEntry docs/args/partials/help.mustache
476 silly gunzTarPerm extractEntry docs/syntax/component.json
477 silly gunzTarPerm extractEntry docs/syntax/index.mustache
478 silly gunzTarPerm extractEntry docs/themes/component.json
479 silly gunzTarPerm extractEntry docs/themes/index.mustache
480 silly gunzTarPerm extractEntry lib/builder.js
481 silly gunzTarPerm extractEntry lib/docparser.js
482 silly gunzTarPerm extractEntry lib/docview.js
483 silly gunzTarPerm extractEntry lib/files.js
484 silly gunzTarPerm extractEntry lib/help.js
485 silly gunzTarPerm extractEntry lib/cli.js
486 silly gunzTarPerm extractEntry lib/options.js
487 silly gunzTarPerm extractEntry lib/project.js
488 silly gunzTarPerm extractEntry lib/server.js
489 silly gunzTarPerm extractEntry lib/utils.js
490 silly gunzTarPerm extractEntry lib/yuidoc.js
491 silly gunzTarPerm extractEntry lib/index.js
492 silly gunzTarPerm extractEntry themes/default/assets/css/external-small.png
493 silly gunzTarPerm extractEntry themes/default/assets/css/logo.png
494 silly gunzTarPerm extractEntry themes/default/assets/css/main.css
495 silly gunzTarPerm extractEntry themes/default/assets/favicon.png
496 silly gunzTarPerm extractEntry themes/default/assets/img/spinner.gif
497 silly gunzTarPerm extractEntry themes/default/assets/index.html
498 silly gunzTarPerm extractEntry themes/default/assets/js/api-filter.js
499 silly gunzTarPerm extractEntry themes/default/assets/js/api-list.js
500 silly gunzTarPerm extractEntry themes/default/assets/js/api-search.js
501 silly gunzTarPerm extractEntry themes/default/assets/js/apidocs.js
502 silly gunzTarPerm extractEntry themes/default/assets/js/yui-prettify.js
503 silly gunzTarPerm extractEntry themes/default/assets/vendor/prettify/prettify-min.js
504 silly gunzTarPerm extractEntry themes/default/assets/vendor/prettify/CHANGES.html
505 silly gunzTarPerm extractEntry themes/default/assets/vendor/prettify/COPYING
506 silly gunzTarPerm extractEntry themes/default/assets/vendor/prettify/prettify-min.css
507 silly gunzTarPerm extractEntry themes/default/assets/vendor/prettify/README.html
508 silly gunzTarPerm extractEntry themes/default/layouts/main.handlebars
509 silly gunzTarPerm extractEntry themes/default/layouts/xhr.handlebars
510 silly gunzTarPerm extractEntry themes/default/partials/attrs.handlebars
511 silly gunzTarPerm extractEntry themes/default/partials/classes.handlebars
512 silly gunzTarPerm extractEntry themes/default/partials/events.handlebars
513 silly gunzTarPerm extractEntry themes/default/partials/files.handlebars
514 silly gunzTarPerm extractEntry themes/default/partials/index.handlebars
515 silly gunzTarPerm extractEntry themes/default/partials/method.handlebars
516 silly gunzTarPerm extractEntry themes/default/partials/module.handlebars
517 silly gunzTarPerm extractEntry themes/default/partials/options.handlebars
518 silly gunzTarPerm extractEntry themes/default/partials/props.handlebars
519 silly gunzTarPerm extractEntry themes/default/partials/sidebar.handlebars
520 silly gunzTarPerm extractEntry themes/default/theme.json
521 silly gunzTarPerm extractEntry themes/simple/assets/css/external-small.png
522 silly gunzTarPerm extractEntry themes/simple/assets/css/logo.png
523 silly gunzTarPerm extractEntry themes/simple/assets/css/main.css
524 silly gunzTarPerm extractEntry themes/simple/assets/js/tabs.js
525 silly gunzTarPerm extractEntry themes/simple/assets/js/yui-prettify.js
526 silly gunzTarPerm extractEntry themes/simple/assets/vendor/prettify/prettify-min.js
527 silly gunzTarPerm extractEntry themes/simple/assets/vendor/prettify/CHANGES.html
528 silly gunzTarPerm extractEntry themes/simple/assets/vendor/prettify/COPYING
529 silly gunzTarPerm extractEntry themes/simple/assets/vendor/prettify/prettify-min.css
530 silly gunzTarPerm extractEntry themes/simple/assets/vendor/prettify/README.html
531 silly gunzTarPerm extractEntry themes/simple/layouts/main.handlebars
532 silly gunzTarPerm extractEntry themes/simple/partials/attrs.handlebars
533 silly gunzTarPerm extractEntry themes/simple/partials/classes.handlebars
534 silly gunzTarPerm extractEntry themes/simple/partials/events.handlebars
535 silly gunzTarPerm extractEntry themes/simple/partials/files.handlebars
536 silly gunzTarPerm extractEntry themes/simple/partials/index.handlebars
537 silly gunzTarPerm extractEntry themes/simple/partials/method.handlebars
538 silly gunzTarPerm extractEntry themes/simple/partials/module.handlebars
539 silly gunzTarPerm extractEntry themes/simple/partials/props.handlebars
540 silly gunzTarPerm extractEntry themes/simple/partials/sidebar.handlebars
541 silly gunzTarPerm extractEntry themes/simple/theme.json
542 silly gunzTarPerm extractEntry .travis.yml
543 silly gunzTarPerm extractEntry output/api/api.js
544 silly gunzTarPerm extractEntry output/api/assets/css/external-small.png
545 silly gunzTarPerm extractEntry output/api/assets/css/logo.png
546 silly gunzTarPerm extractEntry output/api/assets/css/main.css
547 silly gunzTarPerm extractEntry output/api/assets/favicon.png
548 silly gunzTarPerm extractEntry output/api/assets/img/spinner.gif
549 silly gunzTarPerm extractEntry output/api/assets/index.html
550 silly gunzTarPerm extractEntry output/api/assets/js/api-filter.js
551 silly gunzTarPerm extractEntry output/api/assets/js/api-list.js
552 silly gunzTarPerm extractEntry output/api/assets/js/api-search.js
553 silly gunzTarPerm extractEntry output/api/assets/js/apidocs.js
554 silly gunzTarPerm extractEntry output/api/assets/js/yui-prettify.js
555 silly gunzTarPerm extractEntry output/api/assets/vendor/prettify/prettify-min.js
556 silly gunzTarPerm extractEntry output/api/assets/vendor/prettify/CHANGES.html
557 silly gunzTarPerm extractEntry output/api/assets/vendor/prettify/COPYING
558 silly gunzTarPerm extractEntry output/api/assets/vendor/prettify/prettify-min.css
559 silly gunzTarPerm extractEntry output/api/assets/vendor/prettify/README.html
560 silly gunzTarPerm extractEntry output/api/classes/index.html
561 silly gunzTarPerm extractEntry output/api/classes/CLI.html
562 silly gunzTarPerm extractEntry output/api/classes/DocParser.html
563 silly gunzTarPerm extractEntry output/api/classes/DocView.html
564 silly gunzTarPerm extractEntry output/api/classes/Files.html
565 silly gunzTarPerm extractEntry output/api/classes/Help.html
566 silly gunzTarPerm extractEntry output/api/classes/DocBuilder.html
567 silly gunzTarPerm extractEntry output/api/classes/Main.html
568 silly gunzTarPerm extractEntry output/api/classes/Options.html
569 silly gunzTarPerm extractEntry output/api/classes/Server.html
570 silly gunzTarPerm extractEntry output/api/classes/Utils.html
571 silly gunzTarPerm extractEntry output/api/classes/YUIDoc.html
572 silly gunzTarPerm extractEntry output/api/data.json
573 silly gunzTarPerm extractEntry output/api/files/lib_help.js.html
574 silly gunzTarPerm extractEntry output/api/files/index.html
575 silly gunzTarPerm extractEntry output/api/files/lib_cli.js.html
576 silly gunzTarPerm extractEntry output/api/files/lib_docparser.js.html
577 silly gunzTarPerm extractEntry output/api/files/lib_docview.js.html
578 silly gunzTarPerm extractEntry output/api/files/lib_files.js.html
579 silly gunzTarPerm extractEntry output/api/files/lib_builder.js.html
580 silly gunzTarPerm extractEntry output/api/files/lib_index.js.html
581 silly gunzTarPerm extractEntry output/api/files/lib_options.js.html
582 silly gunzTarPerm extractEntry output/api/files/lib_server.js.html
583 silly gunzTarPerm extractEntry output/api/files/lib_utils.js.html
584 silly gunzTarPerm extractEntry output/api/files/lib_yuidoc.js.html
585 silly gunzTarPerm extractEntry output/api/index.html
586 silly gunzTarPerm extractEntry output/api/modules/index.html
587 silly gunzTarPerm extractEntry output/api/modules/yuidoc.html
588 silly gunzTarPerm extractEntry output/args/index.html
589 silly gunzTarPerm extractEntry output/assets/css/main.css
590 silly gunzTarPerm extractEntry output/assets/favicon.png
591 silly gunzTarPerm extractEntry output/assets/vendor/prettify/prettify-min.js
592 silly gunzTarPerm extractEntry output/assets/vendor/prettify/prettify.js
593 silly gunzTarPerm extractEntry output/assets/vendor/prettify/CHANGES.html
594 silly gunzTarPerm extractEntry output/assets/vendor/prettify/COPYING
595 silly gunzTarPerm extractEntry output/assets/vendor/prettify/prettify-min.css
596 silly gunzTarPerm extractEntry output/assets/vendor/prettify/prettify.css
597 silly gunzTarPerm extractEntry output/assets/vendor/prettify/README.html
598 silly gunzTarPerm extractEntry output/index.html
599 silly gunzTarPerm extractEntry output/syntax/index.html
600 silly gunzTarPerm extractEntry output/themes/index.html
601 silly gunzTarPerm extractEntry conf/docs/assets/css/main.css
602 silly gunzTarPerm extractEntry conf/docs/assets/favicon.png
603 silly gunzTarPerm extractEntry conf/docs/assets/vendor/prettify/prettify-min.js
604 silly gunzTarPerm extractEntry conf/docs/assets/vendor/prettify/prettify.js
605 silly gunzTarPerm extractEntry conf/docs/assets/vendor/prettify/CHANGES.html
606 silly gunzTarPerm extractEntry conf/docs/assets/vendor/prettify/COPYING
607 silly gunzTarPerm extractEntry conf/docs/assets/vendor/prettify/prettify-min.css
608 silly gunzTarPerm extractEntry conf/docs/assets/vendor/prettify/prettify.css
609 silly gunzTarPerm extractEntry conf/docs/assets/vendor/prettify/README.html
610 silly gunzTarPerm extractEntry conf/docs/index.mustache
611 silly gunzTarPerm extractEntry conf/docs/layouts/main.mustache
612 silly gunzTarPerm extractEntry conf/docs/project.json
613 silly gunzTarPerm extractEntry DEVELOPMENT.md
614 silly gunzTarPerm extractEntry scripts/versions.js
615 silly gunzTarPerm extractEntry scripts/docs.sh
616 silly gunzTarPerm extractEntry scripts/help.sh
617 silly gunzTarPerm extractEntry scripts/prep.sh
618 silly gunzTarPerm extractEntry scripts/test.sh
619 silly gunzTarPerm extractEntry tests/builder.js
620 silly gunzTarPerm extractEntry tests/options.js
621 silly gunzTarPerm extractEntry tests/parser.js
622 silly gunzTarPerm extractEntry tests/parser_coffee.js
623 silly gunzTarPerm extractEntry tests/input/charts/AreaSeries.js
624 silly gunzTarPerm extractEntry tests/input/charts/Gridlines.js
625 silly gunzTarPerm extractEntry tests/input/charts/Histogram.js
626 silly gunzTarPerm extractEntry tests/input/charts/LeftAxisLayout.js
627 silly gunzTarPerm extractEntry tests/input/charts/Graph.js
628 silly gunzTarPerm extractEntry tests/input/charts/LineSeries.js
629 silly gunzTarPerm extractEntry tests/input/charts/MarkerSeries.js
630 silly gunzTarPerm extractEntry tests/input/charts/NumericAxis.js
631 silly gunzTarPerm extractEntry tests/input/charts/PieChart.js
632 silly gunzTarPerm extractEntry tests/input/charts/PieChartLegend.js
633 silly gunzTarPerm extractEntry tests/input/charts/Fills.js
634 silly gunzTarPerm extractEntry tests/input/charts/PieSeries.js
635 silly gunzTarPerm extractEntry tests/input/charts/EllipseGroup.js
636 silly gunzTarPerm extractEntry tests/input/charts/Plots.js
637 silly gunzTarPerm extractEntry tests/input/charts/DiamondGroup.js
638 silly gunzTarPerm extractEntry tests/input/charts/RectGroup.js
639 silly gunzTarPerm extractEntry tests/input/charts/CurveUtil.js
640 silly gunzTarPerm extractEntry tests/input/charts/Renderer.js
641 silly gunzTarPerm extractEntry tests/input/charts/ComboSplineSeries.js
642 silly gunzTarPerm extractEntry tests/input/charts/RightAxisLayout.js
643 silly gunzTarPerm extractEntry tests/input/charts/ComboSeries.js
644 silly gunzTarPerm extractEntry tests/input/charts/ShapeGroup.js
645 silly gunzTarPerm extractEntry tests/input/charts/ColumnSeries.js
646 silly gunzTarPerm extractEntry tests/input/charts/SplineSeries.js
647 silly gunzTarPerm extractEntry tests/input/charts/CircleGroup.js
648 silly gunzTarPerm extractEntry tests/input/charts/StackedAreaSeries.js
649 silly gunzTarPerm extractEntry tests/input/charts/ChartLegend.js
650 silly gunzTarPerm extractEntry tests/input/charts/StackedAreaSplineSeries.js
651 silly gunzTarPerm extractEntry tests/input/charts/ChartBase.js
652 silly gunzTarPerm extractEntry tests/input/charts/StackedAxis.js
653 silly gunzTarPerm extractEntry tests/input/charts/Chart.js
654 silly gunzTarPerm extractEntry tests/input/charts/StackedBarSeries.js
655 silly gunzTarPerm extractEntry tests/input/charts/CategoryAxis.js
656 silly gunzTarPerm extractEntry tests/input/charts/StackedColumnSeries.js
657 silly gunzTarPerm extractEntry tests/input/charts/CartesianSeries.js
658 silly gunzTarPerm extractEntry tests/input/charts/StackedComboSeries.js
659 silly gunzTarPerm extractEntry tests/input/charts/CartesianChartLegend.js
660 silly gunzTarPerm extractEntry tests/input/charts/StackedComboSplineSeries.js
661 silly gunzTarPerm extractEntry tests/input/charts/CartesianChart.js
662 silly gunzTarPerm extractEntry tests/input/charts/StackedLineSeries.js
663 silly gunzTarPerm extractEntry tests/input/charts/BottomAxisLayout.js
664 silly gunzTarPerm extractEntry tests/input/charts/StackedMarkerSeries.js
665 silly gunzTarPerm extractEntry tests/input/charts/BarSeries.js
666 silly gunzTarPerm extractEntry tests/input/charts/StackedSplineSeries.js
667 silly gunzTarPerm extractEntry tests/input/charts/AxisType.js
668 silly gunzTarPerm extractEntry tests/input/charts/StackingUtil.js
669 silly gunzTarPerm extractEntry tests/input/charts/Axis.js
670 silly gunzTarPerm extractEntry tests/input/charts/TimeAxis.js
671 silly gunzTarPerm extractEntry tests/input/charts/AreaSplineSeries.js
672 silly gunzTarPerm extractEntry tests/input/charts/TopAxisLayout.js
673 silly gunzTarPerm extractEntry tests/input/charts/Lines.js
674 silly gunzTarPerm extractEntry tests/input/coffee/test.coffee
675 silly gunzTarPerm extractEntry tests/input/inherit/examplemodule.js
676 silly gunzTarPerm extractEntry tests/input/json/parse.js
677 silly gunzTarPerm extractEntry tests/input/json/stringify.js
678 silly gunzTarPerm extractEntry tests/input/namespace/ns.js
679 silly gunzTarPerm extractEntry tests/input/test/anim.js
680 silly gunzTarPerm extractEntry tests/input/test/test.js
681 silly gunzTarPerm extractEntry tests/input/test2/namespace.js
682 silly gunzTarPerm extractEntry tests/input/test2/slashes.js
683 silly gunzTarPerm extractEntry tests/input/test2/dump/dump.js
684 silly gunzTarPerm extractEntry tests/input/test2/oop/oop.js
685 silly gunzTarPerm extractEntry tests/lib/davglass.js
686 silly gunzTarPerm extractEntry tests/out/api.js
687 silly gunzTarPerm extractEntry tests/out/assets/css/external-small.png
688 silly gunzTarPerm extractEntry tests/out/assets/css/logo.png
689 silly gunzTarPerm extractEntry tests/out/assets/css/main.css
690 silly gunzTarPerm extractEntry tests/out/assets/favicon.png
691 silly gunzTarPerm extractEntry tests/out/assets/img/spinner.gif
692 silly gunzTarPerm extractEntry tests/out/assets/index.html
693 silly gunzTarPerm extractEntry tests/out/assets/js/api-filter.js
694 silly gunzTarPerm extractEntry tests/out/assets/js/api-list.js
695 silly gunzTarPerm extractEntry tests/out/assets/js/api-search.js
696 silly gunzTarPerm extractEntry tests/out/assets/js/apidocs.js
697 silly gunzTarPerm extractEntry tests/out/assets/js/yui-prettify.js
698 silly gunzTarPerm extractEntry tests/out/assets/vendor/prettify/prettify-min.js
699 silly gunzTarPerm extractEntry tests/out/assets/vendor/prettify/CHANGES.html
700 silly gunzTarPerm extractEntry tests/out/assets/vendor/prettify/COPYING
701 silly gunzTarPerm extractEntry tests/out/assets/vendor/prettify/prettify-min.css
702 silly gunzTarPerm extractEntry tests/out/assets/vendor/prettify/README.html
703 silly gunzTarPerm extractEntry tests/out/classes/Main.html
704 silly gunzTarPerm extractEntry tests/out/classes/Anim.html
705 silly gunzTarPerm extractEntry tests/out/classes/AreaSplineSeries.html
706 silly gunzTarPerm extractEntry tests/out/classes/Axis.html
707 silly gunzTarPerm extractEntry tests/out/classes/AxisType.html
708 silly gunzTarPerm extractEntry tests/out/classes/BarSeries.html
709 silly gunzTarPerm extractEntry tests/out/classes/BottomAxisLayout.html
710 silly gunzTarPerm extractEntry tests/out/classes/CartesianChart.html
711 silly gunzTarPerm extractEntry tests/out/classes/CartesianSeries.html
712 silly gunzTarPerm extractEntry tests/out/classes/CategoryAxis.html
713 silly gunzTarPerm extractEntry tests/out/classes/Chart.html
714 silly gunzTarPerm extractEntry tests/out/classes/ChartBase.html
715 silly gunzTarPerm extractEntry tests/out/classes/ChartLegend.html
716 silly gunzTarPerm extractEntry tests/out/classes/ColumnSeries.html
717 silly gunzTarPerm extractEntry tests/out/classes/ComboSeries.html
718 silly gunzTarPerm extractEntry tests/out/classes/ComboSplineSeries.html
719 silly gunzTarPerm extractEntry tests/out/classes/CurveUtil.html
720 silly gunzTarPerm extractEntry tests/out/classes/Easing.html
721 silly gunzTarPerm extractEntry tests/out/classes/EasingFoo.html
722 silly gunzTarPerm extractEntry tests/out/classes/EllipseGroup.html
723 silly gunzTarPerm extractEntry tests/out/classes/Fills.html
724 silly gunzTarPerm extractEntry tests/out/classes/Foo.Bar.html
725 silly gunzTarPerm extractEntry tests/out/classes/Graph.html
726 silly gunzTarPerm extractEntry tests/out/classes/Gridlines.html
727 silly gunzTarPerm extractEntry tests/out/classes/GroupCircle.html
728 silly gunzTarPerm extractEntry tests/out/classes/GroupDiamond.html
729 silly gunzTarPerm extractEntry tests/out/classes/GroupRect.html
730 silly gunzTarPerm extractEntry tests/out/classes/Histogram.html
731 silly gunzTarPerm extractEntry tests/out/classes/HorizontalLegendLayout.html
732 silly gunzTarPerm extractEntry tests/out/classes/index.html
733 silly gunzTarPerm extractEntry tests/out/classes/JSON.html
734 silly gunzTarPerm extractEntry tests/out/classes/LeftAxisLayout.html
735 silly gunzTarPerm extractEntry tests/out/classes/Lines.html
736 silly gunzTarPerm extractEntry tests/out/classes/LineSeries.html
737 silly gunzTarPerm extractEntry tests/out/classes/AreaSeries.html
738 silly gunzTarPerm extractEntry tests/out/classes/MarkerSeries.html
739 silly gunzTarPerm extractEntry tests/out/classes/myclass.html
740 silly gunzTarPerm extractEntry tests/out/classes/mywidget.SubWidget.html
741 silly gunzTarPerm extractEntry tests/out/classes/mywidget.SubWidget2.html
742 silly gunzTarPerm extractEntry tests/out/classes/mywidget.SuperWidget.html
743 silly gunzTarPerm extractEntry tests/out/classes/NumericAxis.html
744 silly gunzTarPerm extractEntry tests/out/classes/OtherClass.html
745 silly gunzTarPerm extractEntry tests/out/classes/OtherClass2.html
746 silly gunzTarPerm extractEntry tests/out/classes/P.storage.html
747 silly gunzTarPerm extractEntry tests/out/classes/P.storage.LocalStore.html
748 silly gunzTarPerm extractEntry tests/out/classes/P.storage.Store.html
749 silly gunzTarPerm extractEntry tests/out/classes/PieChart.html
750 silly gunzTarPerm extractEntry tests/out/classes/PieSeries.html
751 silly gunzTarPerm extractEntry tests/out/classes/Plots.html
752 silly gunzTarPerm extractEntry tests/out/classes/Renderer.html
753 silly gunzTarPerm extractEntry tests/out/classes/RightAxisLayout.html
754 silly gunzTarPerm extractEntry tests/out/classes/ShapeGroup.html
755 silly gunzTarPerm extractEntry tests/out/classes/SplineSeries.html
756 silly gunzTarPerm extractEntry tests/out/classes/StackedAreaSeries.html
757 silly gunzTarPerm extractEntry tests/out/classes/StackedAreaSplineSeries.html
758 silly gunzTarPerm extractEntry tests/out/classes/StackedAxis.html
759 silly gunzTarPerm extractEntry tests/out/classes/StackedBarSeries.html
760 silly gunzTarPerm extractEntry tests/out/classes/StackedColumnSeries.html
761 silly gunzTarPerm extractEntry tests/out/classes/StackedComboSeries.html
762 silly gunzTarPerm extractEntry tests/out/classes/StackedComboSplineSeries.html
763 silly gunzTarPerm extractEntry tests/out/classes/StackedLineSeries.html
764 silly gunzTarPerm extractEntry tests/out/classes/StackedMarkerSeries.html
765 silly gunzTarPerm extractEntry tests/out/classes/StackedSplineSeries.html
766 silly gunzTarPerm extractEntry tests/out/classes/StackingUtil.html
767 silly gunzTarPerm extractEntry tests/out/classes/TimeAxis.html
768 silly gunzTarPerm extractEntry tests/out/classes/TopAxisLayout.html
769 silly gunzTarPerm extractEntry tests/out/classes/VerticalLegendLayout.html
770 silly gunzTarPerm extractEntry tests/out/classes/YUI~dump.html
771 silly gunzTarPerm extractEntry tests/out/classes/YUI~oop.html
772 silly gunzTarPerm extractEntry tests/out/data.json
773 silly gunzTarPerm extractEntry tests/out/files/input_charts_Plots.js.html
774 silly gunzTarPerm extractEntry tests/out/files/index.html
775 silly gunzTarPerm extractEntry tests/out/files/input_charts_AreaSplineSeries.js.html
776 silly gunzTarPerm extractEntry tests/out/files/input_charts_Axis.js.html
777 silly gunzTarPerm extractEntry tests/out/files/input_charts_AxisType.js.html
778 silly gunzTarPerm extractEntry tests/out/files/input_charts_BarSeries.js.html
779 silly gunzTarPerm extractEntry tests/out/files/input_charts_BottomAxisLayout.js.html
780 silly gunzTarPerm extractEntry tests/out/files/input_charts_CartesianChart.js.html
781 silly gunzTarPerm extractEntry tests/out/files/input_charts_CartesianChartLegend.js.html
782 silly gunzTarPerm extractEntry tests/out/files/input_charts_CartesianSeries.js.html
783 silly gunzTarPerm extractEntry tests/out/files/input_charts_CategoryAxis.js.html
784 silly gunzTarPerm extractEntry tests/out/files/input_charts_Chart.js.html
785 silly gunzTarPerm extractEntry tests/out/files/input_charts_ChartBase.js.html
786 silly gunzTarPerm extractEntry tests/out/files/input_charts_ChartLegend.js.html
787 silly gunzTarPerm extractEntry tests/out/files/input_charts_CircleGroup.js.html
788 silly gunzTarPerm extractEntry tests/out/files/input_charts_ColumnSeries.js.html
789 silly gunzTarPerm extractEntry tests/out/files/input_charts_ComboSeries.js.html
790 silly gunzTarPerm extractEntry tests/out/files/input_charts_ComboSplineSeries.js.html
791 silly gunzTarPerm extractEntry tests/out/files/input_charts_CurveUtil.js.html
792 silly gunzTarPerm extractEntry tests/out/files/input_charts_DiamondGroup.js.html
793 silly gunzTarPerm extractEntry tests/out/files/input_charts_EllipseGroup.js.html
794 silly gunzTarPerm extractEntry tests/out/files/input_charts_Fills.js.html
795 silly gunzTarPerm extractEntry tests/out/files/input_charts_Graph.js.html
796 silly gunzTarPerm extractEntry tests/out/files/input_charts_Gridlines.js.html
797 silly gunzTarPerm extractEntry tests/out/files/input_charts_Histogram.js.html
798 silly gunzTarPerm extractEntry tests/out/files/input_charts_LeftAxisLayout.js.html
799 silly gunzTarPerm extractEntry tests/out/files/input_charts_Lines.js.html
800 silly gunzTarPerm extractEntry tests/out/files/input_charts_LineSeries.js.html
801 silly gunzTarPerm extractEntry tests/out/files/input_charts_MarkerSeries.js.html
802 silly gunzTarPerm extractEntry tests/out/files/input_charts_NumericAxis.js.html
803 silly gunzTarPerm extractEntry tests/out/files/input_charts_PieChart.js.html
804 silly gunzTarPerm extractEntry tests/out/files/input_charts_PieChartLegend.js.html
805 silly gunzTarPerm extractEntry tests/out/files/input_charts_PieSeries.js.html
806 silly gunzTarPerm extractEntry tests/out/files/input_charts_AreaSeries.js.html
807 silly gunzTarPerm extractEntry tests/out/files/input_charts_RectGroup.js.html
808 silly gunzTarPerm extractEntry tests/out/files/input_charts_Renderer.js.html
809 silly gunzTarPerm extractEntry tests/out/files/input_charts_RightAxisLayout.js.html
810 silly gunzTarPerm extractEntry tests/out/files/input_charts_ShapeGroup.js.html
811 silly gunzTarPerm extractEntry tests/out/files/input_charts_SplineSeries.js.html
812 silly gunzTarPerm extractEntry tests/out/files/input_charts_StackedAreaSeries.js.html
813 silly gunzTarPerm extractEntry tests/out/files/input_charts_StackedAreaSplineSeries.js.html
814 silly gunzTarPerm extractEntry tests/out/files/input_charts_StackedAxis.js.html
815 silly gunzTarPerm extractEntry tests/out/files/input_charts_StackedBarSeries.js.html
816 silly gunzTarPerm extractEntry tests/out/files/input_charts_StackedColumnSeries.js.html
817 silly gunzTarPerm extractEntry tests/out/files/input_charts_StackedComboSeries.js.html
818 silly gunzTarPerm extractEntry tests/out/files/input_charts_StackedComboSplineSeries.js.html
819 silly gunzTarPerm extractEntry tests/out/files/input_charts_StackedLineSeries.js.html
820 silly gunzTarPerm extractEntry tests/out/files/input_charts_StackedMarkerSeries.js.html
821 silly gunzTarPerm extractEntry tests/out/files/input_charts_StackedSplineSeries.js.html
822 silly gunzTarPerm extractEntry tests/out/files/input_charts_StackingUtil.js.html
823 silly gunzTarPerm extractEntry tests/out/files/input_charts_TimeAxis.js.html
824 silly gunzTarPerm extractEntry tests/out/files/input_charts_TopAxisLayout.js.html
825 silly gunzTarPerm extractEntry tests/out/files/input_inherit_examplemodule.js.html
826 silly gunzTarPerm extractEntry tests/out/files/input_json_parse.js.html
827 silly gunzTarPerm extractEntry tests/out/files/input_json_stringify.js.html
828 silly gunzTarPerm extractEntry tests/out/files/input_namespace_ns.js.html
829 silly gunzTarPerm extractEntry tests/out/files/input_test-linked_dump_dump.js.html
830 silly gunzTarPerm extractEntry tests/out/files/input_test-linked_namespace.js.html
831 silly gunzTarPerm extractEntry tests/out/files/input_test-linked_oop_oop.js.html
832 silly gunzTarPerm extractEntry tests/out/files/input_test-linked_slashes.js.html
833 silly gunzTarPerm extractEntry tests/out/files/input_test2_dump_dump.js.html
834 silly gunzTarPerm extractEntry tests/out/files/input_test2_namespace.js.html
835 silly gunzTarPerm extractEntry tests/out/files/input_test2_oop_oop.js.html
836 silly gunzTarPerm extractEntry tests/out/files/input_test2_slashes.js.html
837 silly gunzTarPerm extractEntry tests/out/files/input_test_anim.js.html
838 silly gunzTarPerm extractEntry tests/out/files/input_test_test.js.html
839 silly gunzTarPerm extractEntry tests/out/index.html
840 silly gunzTarPerm extractEntry tests/out/modules/index.html
841 silly gunzTarPerm extractEntry tests/out/modules/anim-easing-foo.html
842 silly gunzTarPerm extractEntry tests/out/modules/anim.html
843 silly gunzTarPerm extractEntry tests/out/modules/charts-legend.html
844 silly gunzTarPerm extractEntry tests/out/modules/charts.html
845 silly gunzTarPerm extractEntry tests/out/modules/dump.html
846 silly gunzTarPerm extractEntry tests/out/modules/ExampleModule.html
847 silly gunzTarPerm extractEntry tests/out/modules/foobar.html
848 silly gunzTarPerm extractEntry tests/out/modules/graphics.html
849 silly gunzTarPerm extractEntry tests/out/modules/anim-easing.html
850 silly gunzTarPerm extractEntry tests/out/modules/json-parse.html
851 silly gunzTarPerm extractEntry tests/out/modules/json-stringify.html
852 silly gunzTarPerm extractEntry tests/out/modules/json.html
853 silly gunzTarPerm extractEntry tests/out/modules/myapp_views_index.html
854 silly gunzTarPerm extractEntry tests/out/modules/mymodule.html
855 silly gunzTarPerm extractEntry tests/out/modules/mysubmodule.html
856 silly gunzTarPerm extractEntry tests/out/modules/oop.html
857 silly gunzTarPerm extractEntry tests/out/modules/P.storage.html
858 silly gunzTarPerm extractEntry Makefile
859 verbose read json /Users/agustingr10/.npm/yuidocjs/0.3.30/package/package.json
860 silly lockFile 0c89c9e6-gr10-npm-yuidocjs-0-3-30-package /Users/agustingr10/.npm/yuidocjs/0.3.30/package
861 silly shasum updated bytes 40960
862 silly shasum updated bytes 40960
863 silly shasum updated bytes 40960
864 silly shasum updated bytes 40960
865 silly shasum updated bytes 40960
866 silly shasum updated bytes 40960
867 silly shasum updated bytes 40960
868 silly shasum updated bytes 40960
869 silly shasum updated bytes 40960
870 silly shasum updated bytes 40960
871 silly shasum updated bytes 40960
872 silly shasum updated bytes 40960
873 silly shasum updated bytes 40960
874 silly shasum updated bytes 40960
875 silly shasum updated bytes 40960
876 silly shasum updated bytes 40960
877 silly shasum updated bytes 40960
878 silly shasum updated bytes 40960
879 silly shasum updated bytes 40960
880 silly shasum updated bytes 40960
881 silly shasum updated bytes 7923
882 info shasum 1c063ce019eec034edb11437f51d5a5db865cb41
882 info shasum /Users/agustingr10/.npm/yuidocjs/0.3.30/package.tgz
883 verbose from cache /Users/agustingr10/.npm/yuidocjs/0.3.30/package/package.json
884 verbose chmod /Users/agustingr10/.npm/yuidocjs/0.3.30/package.tgz 644
885 verbose chown /Users/agustingr10/.npm/yuidocjs/0.3.30/package.tgz [ 501, 20 ]
886 silly lockFile 717e4461-org-yuidocjs-yuidocjs-0-3-30-tgz https://registry.npmjs.org/yuidocjs/-/yuidocjs-0.3.30.tgz
887 silly lockFile 8ba52727-yuidocjs-0-3-30 yuidocjs@0.3.30
888 silly lockFile 21cb9463-yuidocjs yuidocjs@
889 silly resolved [ { name: 'yuidocjs',
889 silly resolved     version: '0.3.30',
889 silly resolved     description: 'YUIDoc, YUI\'s JavaScript Documentation engine.',
889 silly resolved     author: { name: 'Dav Glass', email: 'davglass@gmail.com' },
889 silly resolved     bugs: { url: 'http://github.com/yui/yuidoc/issues' },
889 silly resolved     contributors:
889 silly resolved      [ [Object],
889 silly resolved        [Object],
889 silly resolved        [Object],
889 silly resolved        [Object],
889 silly resolved        [Object],
889 silly resolved        [Object],
889 silly resolved        [Object],
889 silly resolved        [Object] ],
889 silly resolved     engines: { node: '>=0.4.0' },
889 silly resolved     keywords:
889 silly resolved      [ 'yui',
889 silly resolved        'jsdoc',
889 silly resolved        'coffeescript',
889 silly resolved        'api',
889 silly resolved        'documentation',
889 silly resolved        'javadoc',
889 silly resolved        'docs',
889 silly resolved        'apidocs' ],
889 silly resolved     main: './lib/index',
889 silly resolved     bin: { yuidoc: './lib/cli.js' },
889 silly resolved     dependencies:
889 silly resolved      { yui: '3.7.3',
889 silly resolved        rimraf: '~2.0.0',
889 silly resolved        'node-markdown': '~0.1.0',
889 silly resolved        minimatch: '~0.1.0',
889 silly resolved        'graceful-fs': '>=1.1.1',
889 silly resolved        express: '~2.5.0' },
889 silly resolved     devDependencies: { yuitest: '>=0.7.3', selleck: '~0.1' },
889 silly resolved     scripts: { test: 'make test' },
889 silly resolved     preferGlobal: 'true',
889 silly resolved     licenses: [ [Object] ],
889 silly resolved     repository: { type: 'git', url: 'http://github.com/yui/yuidoc.git' },
889 silly resolved     yuidoc:
889 silly resolved      { name: 'YUIDoc',
889 silly resolved        logo: 'http://yuilibrary.com/img/yui-logo.png',
889 silly resolved        options: [Object] },
889 silly resolved     readme: 'YUIDoc Doc parser\n=================\n\nYUIDoc is a [Node.js](http://nodejs.org/) application used at build time to \ngenerate API documentation for JavaScript code. YUIDoc is comment-driven and supports a wide \nrange of JavaScript coding styles. The output of YUI Doc is API documentation formatted as a \nset of HTML pages including information about methods, properties, custom events and \ninheritance for JavaScript objects. YUIDoc was orignally written for the YUI Project;\nit uses YUI JavaScript and CSS in the generated files and it supports common YUI \nconventions like Custom Events. That said, it can be used easily and productively on non-YUI code.\n\nCurrent Build Status\n--------------------\n\n[![Build Status](https://secure.travis-ci.org/yui/yuidoc.png?branch=master)](http://travis-ci.org/yui/yuidoc)\n\nInstallation\n------------\n\n    npm -g i yuidocjs\n\n\nDocumentation\n-------------\n\n   * [User Guides](http://yui.github.com/yuidoc/)\n   * [API Docs](http://yui.github.com/yuidoc/api/)\n   * [Support Mailing List](https://groups.google.com/forum/#!forum/yuidoc)\n\n\nReleased under the YUI BSD License\n----------------------------------\n\n    Copyright 2012 Yahoo! Inc.\n    All rights reserved.\n\n    Redistribution and use in source and binary forms, with or without\n    modification, are permitted provided that the following conditions are met:\n\n       * Redistributions of source code must retain the above copyright\n          notice, this list of conditions and the following disclaimer.\n       * Redistributions in binary form must reproduce the above copyright\n          notice, this list of conditions and the following disclaimer in the\n          documentation and/or other materials provided with the distribution.\n       * Neither the name of the Yahoo! Inc. nor the\n          names of its contributors may be used to endorse or promote products\n          derived from this software without specific prior written permission.\n\n    THIS SOFTWARE IS PROVIDED BY THE COPYRIGHT HOLDERS AND CONTRIBUTORS "AS IS" AND\n    ANY EXPRESS OR IMPLIED WARRANTIES, INCLUDING, BUT NOT LIMITED TO, THE IMPLIED\n    WARRANTIES OF MERCHANTABILITY AND FITNESS FOR A PARTICULAR PURPOSE ARE\n    DISCLAIMED. IN NO EVENT SHALL YAHOO! INC. BE LIABLE FOR ANY\n    DIRECT, INDIRECT, INCIDENTAL, SPECIAL, EXEMPLARY, OR CONSEQUENTIAL DAMAGES\n    (INCLUDING, BUT NOT LIMITED TO, PROCUREMENT OF SUBSTITUTE GOODS OR SERVICES;\n    LOSS OF USE, DATA, OR PROFITS; OR BUSINESS INTERRUPTION) HOWEVER CAUSED AND\n    ON ANY THEORY OF LIABILITY, WHETHER IN CONTRACT, STRICT LIABILITY, OR TORT\n    (INCLUDING NEGLIGENCE OR OTHERWISE) ARISING IN ANY WAY OUT OF THE USE OF THIS\n    SOFTWARE, EVEN IF ADVISED OF THE POSSIBILITY OF SUCH DAMAGE.\n',
889 silly resolved     readmeFilename: 'README.md',
889 silly resolved     _id: 'yuidocjs@0.3.30',
889 silly resolved     dist: { shasum: '1c063ce019eec034edb11437f51d5a5db865cb41' },
889 silly resolved     _from: 'yuidocjs' } ]
890 info install yuidocjs@0.3.30 into /usr/local/lib
891 info installOne yuidocjs@0.3.30
892 verbose from cache /Users/agustingr10/.npm/yuidocjs/0.3.30/package/package.json
893 info /usr/local/lib/node_modules/yuidocjs unbuild
894 verbose read json /usr/local/lib/node_modules/yuidocjs/package.json
895 verbose tar unpack /Users/agustingr10/.npm/yuidocjs/0.3.30/package.tgz
896 silly lockFile 05348249--local-lib-node-modules-yuidocjs /usr/local/lib/node_modules/yuidocjs
897 verbose lock /usr/local/lib/node_modules/yuidocjs /Users/agustingr10/.npm/05348249--local-lib-node-modules-yuidocjs.lock
898 silly gunzTarPerm modes [ '755', '644' ]
899 error Error: EACCES, mkdir '/usr/local/lib/node_modules/yuidocjs'
899 error  { [Error: EACCES, mkdir '/usr/local/lib/node_modules/yuidocjs']
899 error   errno: 3,
899 error   code: 'EACCES',
899 error   path: '/usr/local/lib/node_modules/yuidocjs',
899 error   fstream_type: 'Directory',
899 error   fstream_path: '/usr/local/lib/node_modules/yuidocjs',
899 error   fstream_class: 'DirWriter',
899 error   fstream_stack:
899 error    [ 'DirWriter._create (/usr/local/lib/node_modules/npm/node_modules/fstream/lib/dir-writer.js:36:23)',
899 error      '/usr/local/lib/node_modules/npm/node_modules/mkdirp/index.js:37:53',
899 error      'Object.oncomplete (fs.js:297:15)' ] }
900 error Please try running this command again as root/Administrator.
901 error System Darwin 11.4.0
902 error command "node" "/usr/local/bin/npm" "-g" "install" "yuidocjs"
903 error cwd /Users/agustingr10/Developer/MyPhotoFacebookApp/dry-wave-6220
904 error node -v v0.8.14
905 error npm -v 1.1.65
906 error path /usr/local/lib/node_modules/yuidocjs
907 error fstream_path /usr/local/lib/node_modules/yuidocjs
908 error fstream_type Directory
909 error fstream_class DirWriter
910 error code EACCES
911 error errno 3
912 error stack Error: EACCES, mkdir '/usr/local/lib/node_modules/yuidocjs'
913 error fstream_stack DirWriter._create (/usr/local/lib/node_modules/npm/node_modules/fstream/lib/dir-writer.js:36:23)
913 error fstream_stack /usr/local/lib/node_modules/npm/node_modules/mkdirp/index.js:37:53
913 error fstream_stack Object.oncomplete (fs.js:297:15)
914 verbose exit [ 3, true ]
